 
================================== 
EJECUCION: lun. 18/05/2026 16:44:56,82 
================================== 
================================== 
EJECUCION: lun. 18/05/2026 16:43:12,35 
================================== 
  1. Failed to load resource: the server responded with a status of 404 ()
  2. Failed to load resource: the server responded with a status of 404 ()
  3. Failed to load resource: the server responded with a status of 404 ()
  ok 1 [chromium] › tests\smoke-precios.spec.js:85:3 › 🔥 Smoke Test — Validación de precios pipe.store › El sitio carga sin errores críticos (7.5s)
📋 Página: Home — 15 precios encontrados
  ✅ AR$ 576.469,00
  ✅ AR$ 576.469,00
  ✅ AR$ 413.599,00
  ✅ AR$ 439.999,00
  ✅ AR$ 783.199,00
  ✅ AR$ 755.555,00
  ✅ AR$ 565.713,00
  ❌ "AR$ 1.083.332,00"
  ✅ AR$ 259.999,00
  ❌ "AR$ 1.999.998,18"
  ✅ AR$ 651.199,00
  ✅ AR$ 633.599,00
  ❌ "AR$ 1.329.199,00"
  ❌ "AR$ 1.325.165,00"
  ✅ AR$ 823.332,00
📧 Notificación enviada: Precios inválidos en categoría Home
  x  2 [chromium] › tests\smoke-precios.spec.js:124:5 › 🔥 Smoke Test — Validación de precios pipe.store › Precios correctos en: Home (21.3s)
📋 Página: Home — 15 precios encontrados
  ✅ AR$ 576.469,00
  ✅ AR$ 576.469,00
  ✅ AR$ 413.599,00
  ✅ AR$ 439.999,00
  ✅ AR$ 783.199,00
  ✅ AR$ 755.555,00
  ✅ AR$ 565.713,00
  ❌ "AR$ 1.083.332,00"
  ✅ AR$ 259.999,00
  ❌ "AR$ 1.999.998,18"
  ✅ AR$ 651.199,00
  ✅ AR$ 633.599,00
  ❌ "AR$ 1.329.199,00"
  ❌ "AR$ 1.325.165,00"
  ✅ AR$ 823.332,00
  x  3 [chromium] › tests\smoke-precios.spec.js:124:5 › 🔥 Smoke Test — Validación de precios pipe.store › Precios correctos en: Home (retry #1) (4.9s)
📋 Página: Televisores — 7 precios encontrados
  ✅ AR$ 565.713,00
  ✅ AR$ 565.713,00
  ❌ "AR$ 1.516.666,00"
  ❌ "AR$ 1.083.332,00"
  ✅ AR$ 259.999,00
  ✅ AR$ 413.599,00
  ❌ "AR$ 10.888.887,00"
📧 Notificación enviada: Precios inválidos en categoría Televisores
  x  4 [chromium] › tests\smoke-precios.spec.js:124:5 › 🔥 Smoke Test — Validación de precios pipe.store › Precios correctos en: Televisores (6.2s)
📋 Página: Televisores — 7 precios encontrados
  ✅ AR$ 565.713,00
  ✅ AR$ 565.713,00
  ❌ "AR$ 1.516.666,00"
  ❌ "AR$ 1.083.332,00"
  ✅ AR$ 259.999,00
  ✅ AR$ 413.599,00
  ❌ "AR$ 10.888.887,00"
  x  5 [chromium] › tests\smoke-precios.spec.js:124:5 › 🔥 Smoke Test — Validación de precios pipe.store › Precios correctos en: Televisores (retry #1) (5.3s)
📋 Página: Lavado — 10 precios encontrados
  ✅ AR$ 999.999,00
  ✅ AR$ 762.519,00
  ✅ AR$ 651.199,00
  ✅ AR$ 629.199,00
  ✅ AR$ 439.999,00
  ✅ AR$ 633.599,00
  ✅ AR$ 615.999,00
  ✅ AR$ 539.999,00
  ❌ "AR$ 1.999.998,18"
  ✅ AR$ 879.936,00
📧 Notificación enviada: Precios inválidos en categoría Lavado
  x  6 [chromium] › tests\smoke-precios.spec.js:124:5 › 🔥 Smoke Test — Validación de precios pipe.store › Precios correctos en: Lavado (6.5s)
📋 Página: Lavado — 10 precios encontrados
  ✅ AR$ 999.999,00
  ✅ AR$ 762.519,00
  ✅ AR$ 651.199,00
  ✅ AR$ 629.199,00
  ✅ AR$ 439.999,00
  ✅ AR$ 633.599,00
  ✅ AR$ 615.999,00
  ✅ AR$ 539.999,00
  ❌ "AR$ 1.999.998,18"
  ✅ AR$ 879.936,00
  x  7 [chromium] › tests\smoke-precios.spec.js:124:5 › 🔥 Smoke Test — Validación de precios pipe.store › Precios correctos en: Lavado (retry #1) (5.3s)
📋 Página: Heladeras — 5 precios encontrados
  ✅ AR$ 771.428,00
  ✅ AR$ 823.332,00
  ✅ AR$ 783.199,00
  ❌ "AR$ 1.329.199,00"
  ❌ "AR$ 1.325.165,00"
📧 Notificación enviada: Precios inválidos en categoría Heladeras
  x  8 [chromium] › tests\smoke-precios.spec.js:124:5 › 🔥 Smoke Test — Validación de precios pipe.store › Precios correctos en: Heladeras (6.5s)
📋 Página: Heladeras — 5 precios encontrados
  ✅ AR$ 771.428,00
  ✅ AR$ 823.332,00
  ✅ AR$ 783.199,00
  ❌ "AR$ 1.329.199,00"
  ❌ "AR$ 1.325.165,00"
  x  9 [chromium] › tests\smoke-precios.spec.js:124:5 › 🔥 Smoke Test — Validación de precios pipe.store › Precios correctos en: Heladeras (retry #1) (5.0s)
📋 Página: Aire Acondicionado — 4 precios encontrados
  ✅ AR$ 675.999,00
  ✅ AR$ 695.199,00
  ✅ AR$ 755.555,00
  ✅ AR$ 684.444,00
  ok 10 [chromium] › tests\smoke-precios.spec.js:124:5 › 🔥 Smoke Test — Validación de precios pipe.store › Precios correctos en: Aire Acondicionado (4.7s)
📦 Testeando detalle de producto: https://pipe.store/
Precios encontrados: 15 | Válidos: 11 | Inválidos: 4
❌ "AR$ 1.083.332,00" → Longitud sospechosa: 16 caracteres (máx esperado: 15)
❌ "AR$ 1.999.998,18" → Longitud sospechosa: 16 caracteres (máx esperado: 15)
❌ "AR$ 1.329.199,00" → Longitud sospechosa: 16 caracteres (máx esperado: 15)
❌ "AR$ 1.325.165,00" → Longitud sospechosa: 16 caracteres (máx esperado: 15)
  x  11 [chromium] › tests\smoke-precios.spec.js:205:3 › 🔥 Smoke Test — Validación de precios pipe.store › Precio correcto en página de detalle de producto (5.1s)
📦 Testeando detalle de producto: https://pipe.store/
Precios encontrados: 15 | Válidos: 11 | Inválidos: 4
❌ "AR$ 1.083.332,00" → Longitud sospechosa: 16 caracteres (máx esperado: 15)
❌ "AR$ 1.999.998,18" → Longitud sospechosa: 16 caracteres (máx esperado: 15)
❌ "AR$ 1.329.199,00" → Longitud sospechosa: 16 caracteres (máx esperado: 15)
❌ "AR$ 1.325.165,00" → Longitud sospechosa: 16 caracteres (máx esperado: 15)
  x  12 [chromium] › tests\smoke-precios.spec.js:205:3 › 🔥 Smoke Test — Validación de precios pipe.store › Precio correcto en página de detalle de producto (retry #1) (5.1s)
  ok 13 [chromium] › tests\smoke-precios.spec.js:259:3 › 🔥 Smoke Test — Validación de precios pipe.store › No hay precios con overflow (bug conocido de producción) (4.3s)
  1) [chromium] › tests\smoke-precios.spec.js:124:5 › 🔥 Smoke Test — Validación de precios pipe.store › Precios correctos en: Home 
    Error: Se encontraron 4 precio(s) inválido(s) en Home:
    "AR$ 1.083.332,00" → Longitud sospechosa: 16 caracteres (máx esperado: 15)
    "AR$ 1.999.998,18" → Longitud sospechosa: 16 caracteres (máx esperado: 15)
    "AR$ 1.329.199,00" → Longitud sospechosa: 16 caracteres (máx esperado: 15)
    "AR$ 1.325.165,00" → Longitud sospechosa: 16 caracteres (máx esperado: 15)
      199 |         `Se encontraron ${reporte.invalidos} precio(s) inválido(s) en ${pagina.nombre}:\n${preciosInvalidos}`
    test-results\smoke-precios-🔥-Smoke-Tes-a3471-e-Precios-correctos-en-Home-chromium\test-failed-1.png
    Error: Se encontraron 4 precio(s) inválido(s) en Home:
    "AR$ 1.083.332,00" → Longitud sospechosa: 16 caracteres (máx esperado: 15)
    "AR$ 1.999.998,18" → Longitud sospechosa: 16 caracteres (máx esperado: 15)
    "AR$ 1.329.199,00" → Longitud sospechosa: 16 caracteres (máx esperado: 15)
    "AR$ 1.325.165,00" → Longitud sospechosa: 16 caracteres (máx esperado: 15)
      199 |         `Se encontraron ${reporte.invalidos} precio(s) inválido(s) en ${pagina.nombre}:\n${preciosInvalidos}`
    test-results\smoke-precios-🔥-Smoke-Tes-a3471-e-Precios-correctos-en-Home-chromium-retry1\test-failed-1.png
  2) [chromium] › tests\smoke-precios.spec.js:124:5 › 🔥 Smoke Test — Validación de precios pipe.store › Precios correctos en: Televisores 
    Error: Se encontraron 3 precio(s) inválido(s) en Televisores:
    "AR$ 1.516.666,00" → Longitud sospechosa: 16 caracteres (máx esperado: 15)
    "AR$ 1.083.332,00" → Longitud sospechosa: 16 caracteres (máx esperado: 15)
    "AR$ 10.888.887,00" → Longitud sospechosa: 17 caracteres (máx esperado: 15)
      199 |         `Se encontraron ${reporte.invalidos} precio(s) inválido(s) en ${pagina.nombre}:\n${preciosInvalidos}`
    test-results\smoke-precios-🔥-Smoke-Tes-3d75c-os-correctos-en-Televisores-chromium\test-failed-1.png
    Error: Se encontraron 3 precio(s) inválido(s) en Televisores:
    "AR$ 1.516.666,00" → Longitud sospechosa: 16 caracteres (máx esperado: 15)
    "AR$ 1.083.332,00" → Longitud sospechosa: 16 caracteres (máx esperado: 15)
    "AR$ 10.888.887,00" → Longitud sospechosa: 17 caracteres (máx esperado: 15)
      199 |         `Se encontraron ${reporte.invalidos} precio(s) inválido(s) en ${pagina.nombre}:\n${preciosInvalidos}`
    test-results\smoke-precios-🔥-Smoke-Tes-3d75c-os-correctos-en-Televisores-chromium-retry1\test-failed-1.png
  3) [chromium] › tests\smoke-precios.spec.js:124:5 › 🔥 Smoke Test — Validación de precios pipe.store › Precios correctos en: Lavado 
    Error: Se encontraron 1 precio(s) inválido(s) en Lavado:
    "AR$ 1.999.998,18" → Longitud sospechosa: 16 caracteres (máx esperado: 15)
      199 |         `Se encontraron ${reporte.invalidos} precio(s) inválido(s) en ${pagina.nombre}:\n${preciosInvalidos}`
    test-results\smoke-precios-🔥-Smoke-Tes-50afd-Precios-correctos-en-Lavado-chromium\test-failed-1.png
    Error: Se encontraron 1 precio(s) inválido(s) en Lavado:
    "AR$ 1.999.998,18" → Longitud sospechosa: 16 caracteres (máx esperado: 15)
      199 |         `Se encontraron ${reporte.invalidos} precio(s) inválido(s) en ${pagina.nombre}:\n${preciosInvalidos}`
    test-results\smoke-precios-🔥-Smoke-Tes-50afd-Precios-correctos-en-Lavado-chromium-retry1\test-failed-1.png
  4) [chromium] › tests\smoke-precios.spec.js:124:5 › 🔥 Smoke Test — Validación de precios pipe.store › Precios correctos en: Heladeras 
    Error: Se encontraron 2 precio(s) inválido(s) en Heladeras:
    "AR$ 1.329.199,00" → Longitud sospechosa: 16 caracteres (máx esperado: 15)
    "AR$ 1.325.165,00" → Longitud sospechosa: 16 caracteres (máx esperado: 15)
      199 |         `Se encontraron ${reporte.invalidos} precio(s) inválido(s) en ${pagina.nombre}:\n${preciosInvalidos}`
    test-results\smoke-precios-🔥-Smoke-Tes-53013-cios-correctos-en-Heladeras-chromium\test-failed-1.png
    Error: Se encontraron 2 precio(s) inválido(s) en Heladeras:
    "AR$ 1.329.199,00" → Longitud sospechosa: 16 caracteres (máx esperado: 15)
    "AR$ 1.325.165,00" → Longitud sospechosa: 16 caracteres (máx esperado: 15)
      199 |         `Se encontraron ${reporte.invalidos} precio(s) inválido(s) en ${pagina.nombre}:\n${preciosInvalidos}`
    test-results\smoke-precios-🔥-Smoke-Tes-53013-cios-correctos-en-Heladeras-chromium-retry1\test-failed-1.png
  5) [chromium] › tests\smoke-precios.spec.js:205:3 › 🔥 Smoke Test — Validación de precios pipe.store › Precio correcto en página de detalle de producto 
    "AR$ 1.083.332,00" → Longitud sospechosa: 16 caracteres (máx esperado: 15)
    "AR$ 1.999.998,18" → Longitud sospechosa: 16 caracteres (máx esperado: 15)
    "AR$ 1.329.199,00" → Longitud sospechosa: 16 caracteres (máx esperado: 15)
    "AR$ 1.325.165,00" → Longitud sospechosa: 16 caracteres (máx esperado: 15)
    test-results\smoke-precios-🔥-Smoke-Tes-f9158-gina-de-detalle-de-producto-chromium\test-failed-1.png
    "AR$ 1.083.332,00" → Longitud sospechosa: 16 caracteres (máx esperado: 15)
    "AR$ 1.999.998,18" → Longitud sospechosa: 16 caracteres (máx esperado: 15)
    "AR$ 1.329.199,00" → Longitud sospechosa: 16 caracteres (máx esperado: 15)
    "AR$ 1.325.165,00" → Longitud sospechosa: 16 caracteres (máx esperado: 15)
    test-results\smoke-precios-🔥-Smoke-Tes-f9158-gina-de-detalle-de-producto-chromium-retry1\test-failed-1.png
  5 failed
    [chromium] › tests\smoke-precios.spec.js:124:5 › 🔥 Smoke Test — Validación de precios pipe.store › Precios correctos en: Home 
    [chromium] › tests\smoke-precios.spec.js:124:5 › 🔥 Smoke Test — Validación de precios pipe.store › Precios correctos en: Televisores 
    [chromium] › tests\smoke-precios.spec.js:124:5 › 🔥 Smoke Test — Validación de precios pipe.store › Precios correctos en: Lavado 
    [chromium] › tests\smoke-precios.spec.js:124:5 › 🔥 Smoke Test — Validación de precios pipe.store › Precios correctos en: Heladeras 
    [chromium] › tests\smoke-precios.spec.js:205:3 › 🔥 Smoke Test — Validación de precios pipe.store › Precio correcto en página de detalle de producto 
  3 passed (1.7m)
 
================================== 
EJECUCION: lun. 18/05/2026 16:47:51,56 
================================== 
================================== 
EJECUCION: lun. 18/05/2026 16:46:14,04 
================================== 
  1. Failed to load resource: the server responded with a status of 404 ()
  2. Failed to load resource: the server responded with a status of 404 ()
  3. Failed to load resource: the server responded with a status of 404 ()
  4. Failed to load resource: the server responded with a status of 404 ()
  5. Failed to load resource: the server responded with a status of 404 ()
  6. Failed to load resource: the server responded with a status of 404 ()
  7. Failed to load resource: the server responded with a status of 404 ()
  8. Failed to load resource: the server responded with a status of 404 ()
  9. Failed to load resource: the server responded with a status of 404 ()
  10. Failed to load resource: the server responded with a status of 404 ()
  ok 1 [chromium] › tests\smoke-precios.spec.js:85:3 › 🔥 Smoke Test — Validación de precios pipe.store › El sitio carga sin errores críticos (4.4s)
⚠️  Timeout esperando precios en Home
⚠️  No se encontraron precios en Home. Verificar selector: h5[id*="-price"]
  -  2 [chromium] › tests\smoke-precios.spec.js:124:5 › 🔥 Smoke Test — Validación de precios pipe.store › Precios correctos en: Home
📋 Página: Televisores — 7 precios encontrados
  ✅ AR$ 565.713,00
  ✅ AR$ 565.713,00
  ❌ "AR$ 1.516.666,00"
  ❌ "AR$ 1.083.332,00"
  ✅ AR$ 259.999,00
  ✅ AR$ 413.599,00
  ❌ "AR$ 10.888.887,00"
📧 Notificación enviada: Precios inválidos en categoría Televisores
  x  3 [chromium] › tests\smoke-precios.spec.js:124:5 › 🔥 Smoke Test — Validación de precios pipe.store › Precios correctos en: Televisores (6.3s)
📋 Página: Televisores — 7 precios encontrados
  ✅ AR$ 565.713,00
  ✅ AR$ 565.713,00
  ❌ "AR$ 1.516.666,00"
  ❌ "AR$ 1.083.332,00"
  ✅ AR$ 259.999,00
  ✅ AR$ 413.599,00
  ❌ "AR$ 10.888.887,00"
  x  4 [chromium] › tests\smoke-precios.spec.js:124:5 › 🔥 Smoke Test — Validación de precios pipe.store › Precios correctos en: Televisores (retry #1) (4.8s)
📋 Página: Lavado — 10 precios encontrados
  ✅ AR$ 999.999,00
  ✅ AR$ 762.519,00
  ✅ AR$ 651.199,00
  ✅ AR$ 629.199,00
  ✅ AR$ 439.999,00
  ✅ AR$ 633.599,00
  ✅ AR$ 615.999,00
  ✅ AR$ 539.999,00
  ❌ "AR$ 1.999.998,18"
  ✅ AR$ 879.936,00
📧 Notificación enviada: Precios inválidos en categoría Lavado
  x  5 [chromium] › tests\smoke-precios.spec.js:124:5 › 🔥 Smoke Test — Validación de precios pipe.store › Precios correctos en: Lavado (5.9s)
📋 Página: Lavado — 10 precios encontrados
  ✅ AR$ 999.999,00
  ✅ AR$ 762.519,00
  ✅ AR$ 651.199,00
  ✅ AR$ 629.199,00
  ✅ AR$ 439.999,00
  ✅ AR$ 633.599,00
  ✅ AR$ 615.999,00
  ✅ AR$ 539.999,00
  ❌ "AR$ 1.999.998,18"
  ✅ AR$ 879.936,00
  x  6 [chromium] › tests\smoke-precios.spec.js:124:5 › 🔥 Smoke Test — Validación de precios pipe.store › Precios correctos en: Lavado (retry #1) (4.9s)
📋 Página: Heladeras — 5 precios encontrados
  ✅ AR$ 771.428,00
  ✅ AR$ 823.332,00
  ✅ AR$ 783.199,00
  ❌ "AR$ 1.329.199,00"
  ❌ "AR$ 1.325.165,00"
📧 Notificación enviada: Precios inválidos en categoría Heladeras
  x  7 [chromium] › tests\smoke-precios.spec.js:124:5 › 🔥 Smoke Test — Validación de precios pipe.store › Precios correctos en: Heladeras (6.7s)
📋 Página: Heladeras — 5 precios encontrados
  ✅ AR$ 771.428,00
  ✅ AR$ 823.332,00
  ✅ AR$ 783.199,00
  ❌ "AR$ 1.329.199,00"
  ❌ "AR$ 1.325.165,00"
  x  8 [chromium] › tests\smoke-precios.spec.js:124:5 › 🔥 Smoke Test — Validación de precios pipe.store › Precios correctos en: Heladeras (retry #1) (5.2s)
📋 Página: Aire Acondicionado — 4 precios encontrados
  ✅ AR$ 675.999,00
  ✅ AR$ 695.199,00
  ✅ AR$ 755.555,00
  ✅ AR$ 684.444,00
  ok 9 [chromium] › tests\smoke-precios.spec.js:124:5 › 🔥 Smoke Test — Validación de precios pipe.store › Precios correctos en: Aire Acondicionado (5.2s)
📦 Testeando detalle de producto: https://pipe.store/
Precios encontrados: 15 | Válidos: 11 | Inválidos: 4
❌ "AR$ 1.083.332,00" → Longitud sospechosa: 16 caracteres (máx esperado: 15)
❌ "AR$ 1.999.998,18" → Longitud sospechosa: 16 caracteres (máx esperado: 15)
❌ "AR$ 1.329.199,00" → Longitud sospechosa: 16 caracteres (máx esperado: 15)
❌ "AR$ 1.325.165,00" → Longitud sospechosa: 16 caracteres (máx esperado: 15)
  x  10 [chromium] › tests\smoke-precios.spec.js:205:3 › 🔥 Smoke Test — Validación de precios pipe.store › Precio correcto en página de detalle de producto (5.7s)
📦 Testeando detalle de producto: https://pipe.store/
Precios encontrados: 15 | Válidos: 11 | Inválidos: 4
❌ "AR$ 1.083.332,00" → Longitud sospechosa: 16 caracteres (máx esperado: 15)
❌ "AR$ 1.999.998,18" → Longitud sospechosa: 16 caracteres (máx esperado: 15)
❌ "AR$ 1.329.199,00" → Longitud sospechosa: 16 caracteres (máx esperado: 15)
❌ "AR$ 1.325.165,00" → Longitud sospechosa: 16 caracteres (máx esperado: 15)
  x  11 [chromium] › tests\smoke-precios.spec.js:205:3 › 🔥 Smoke Test — Validación de precios pipe.store › Precio correcto en página de detalle de producto (retry #1) (4.7s)
  ok 12 [chromium] › tests\smoke-precios.spec.js:259:3 › 🔥 Smoke Test — Validación de precios pipe.store › No hay precios con overflow (bug conocido de producción) (4.5s)
  1) [chromium] › tests\smoke-precios.spec.js:124:5 › 🔥 Smoke Test — Validación de precios pipe.store › Precios correctos en: Televisores 
    Error: Se encontraron 3 precio(s) inválido(s) en Televisores:
    "AR$ 1.516.666,00" → Longitud sospechosa: 16 caracteres (máx esperado: 15)
    "AR$ 1.083.332,00" → Longitud sospechosa: 16 caracteres (máx esperado: 15)
    "AR$ 10.888.887,00" → Longitud sospechosa: 17 caracteres (máx esperado: 15)
      199 |         `Se encontraron ${reporte.invalidos} precio(s) inválido(s) en ${pagina.nombre}:\n${preciosInvalidos}`
    test-results\smoke-precios-🔥-Smoke-Tes-3d75c-os-correctos-en-Televisores-chromium\test-failed-1.png
    Error: Se encontraron 3 precio(s) inválido(s) en Televisores:
    "AR$ 1.516.666,00" → Longitud sospechosa: 16 caracteres (máx esperado: 15)
    "AR$ 1.083.332,00" → Longitud sospechosa: 16 caracteres (máx esperado: 15)
    "AR$ 10.888.887,00" → Longitud sospechosa: 17 caracteres (máx esperado: 15)
      199 |         `Se encontraron ${reporte.invalidos} precio(s) inválido(s) en ${pagina.nombre}:\n${preciosInvalidos}`
    test-results\smoke-precios-🔥-Smoke-Tes-3d75c-os-correctos-en-Televisores-chromium-retry1\test-failed-1.png
  2) [chromium] › tests\smoke-precios.spec.js:124:5 › 🔥 Smoke Test — Validación de precios pipe.store › Precios correctos en: Lavado 
    Error: Se encontraron 1 precio(s) inválido(s) en Lavado:
    "AR$ 1.999.998,18" → Longitud sospechosa: 16 caracteres (máx esperado: 15)
      199 |         `Se encontraron ${reporte.invalidos} precio(s) inválido(s) en ${pagina.nombre}:\n${preciosInvalidos}`
    test-results\smoke-precios-🔥-Smoke-Tes-50afd-Precios-correctos-en-Lavado-chromium\test-failed-1.png
    Error: Se encontraron 1 precio(s) inválido(s) en Lavado:
    "AR$ 1.999.998,18" → Longitud sospechosa: 16 caracteres (máx esperado: 15)
      199 |         `Se encontraron ${reporte.invalidos} precio(s) inválido(s) en ${pagina.nombre}:\n${preciosInvalidos}`
    test-results\smoke-precios-🔥-Smoke-Tes-50afd-Precios-correctos-en-Lavado-chromium-retry1\test-failed-1.png
  3) [chromium] › tests\smoke-precios.spec.js:124:5 › 🔥 Smoke Test — Validación de precios pipe.store › Precios correctos en: Heladeras 
    Error: Se encontraron 2 precio(s) inválido(s) en Heladeras:
    "AR$ 1.329.199,00" → Longitud sospechosa: 16 caracteres (máx esperado: 15)
    "AR$ 1.325.165,00" → Longitud sospechosa: 16 caracteres (máx esperado: 15)
      199 |         `Se encontraron ${reporte.invalidos} precio(s) inválido(s) en ${pagina.nombre}:\n${preciosInvalidos}`
    test-results\smoke-precios-🔥-Smoke-Tes-53013-cios-correctos-en-Heladeras-chromium\test-failed-1.png
    Error: Se encontraron 2 precio(s) inválido(s) en Heladeras:
    "AR$ 1.329.199,00" → Longitud sospechosa: 16 caracteres (máx esperado: 15)
    "AR$ 1.325.165,00" → Longitud sospechosa: 16 caracteres (máx esperado: 15)
      199 |         `Se encontraron ${reporte.invalidos} precio(s) inválido(s) en ${pagina.nombre}:\n${preciosInvalidos}`
    test-results\smoke-precios-🔥-Smoke-Tes-53013-cios-correctos-en-Heladeras-chromium-retry1\test-failed-1.png
  4) [chromium] › tests\smoke-precios.spec.js:205:3 › 🔥 Smoke Test — Validación de precios pipe.store › Precio correcto en página de detalle de producto 
    "AR$ 1.083.332,00" → Longitud sospechosa: 16 caracteres (máx esperado: 15)
    "AR$ 1.999.998,18" → Longitud sospechosa: 16 caracteres (máx esperado: 15)
    "AR$ 1.329.199,00" → Longitud sospechosa: 16 caracteres (máx esperado: 15)
    "AR$ 1.325.165,00" → Longitud sospechosa: 16 caracteres (máx esperado: 15)
    test-results\smoke-precios-🔥-Smoke-Tes-f9158-gina-de-detalle-de-producto-chromium\test-failed-1.png
    "AR$ 1.083.332,00" → Longitud sospechosa: 16 caracteres (máx esperado: 15)
    "AR$ 1.999.998,18" → Longitud sospechosa: 16 caracteres (máx esperado: 15)
    "AR$ 1.329.199,00" → Longitud sospechosa: 16 caracteres (máx esperado: 15)
    "AR$ 1.325.165,00" → Longitud sospechosa: 16 caracteres (máx esperado: 15)
    test-results\smoke-precios-🔥-Smoke-Tes-f9158-gina-de-detalle-de-producto-chromium-retry1\test-failed-1.png
  4 failed
    [chromium] › tests\smoke-precios.spec.js:124:5 › 🔥 Smoke Test — Validación de precios pipe.store › Precios correctos en: Televisores 
    [chromium] › tests\smoke-precios.spec.js:124:5 › 🔥 Smoke Test — Validación de precios pipe.store › Precios correctos en: Lavado 
    [chromium] › tests\smoke-precios.spec.js:124:5 › 🔥 Smoke Test — Validación de precios pipe.store › Precios correctos en: Heladeras 
    [chromium] › tests\smoke-precios.spec.js:205:3 › 🔥 Smoke Test — Validación de precios pipe.store › Precio correcto en página de detalle de producto 
  3 passed (1.6m)
 
================================== 
EJECUCION: lun. 18/05/2026 17:01:33,01 
================================== 
================================== 
EJECUCION: lun. 18/05/2026 16:59:52,74 
================================== 
  2. Failed to load resource: net::ERR_FAILED
  4. Failed to load resource: net::ERR_FAILED
  ok 1 [chromium] › tests\smoke-precios.spec.js:85:3 › 🔥 Smoke Test — Validación de precios pipe.store › El sitio carga sin errores críticos (14.1s)
📋 Página: Home — 15 precios encontrados
  ✅ AR$ 576.469,00
  ✅ AR$ 576.469,00
  ✅ AR$ 413.599,00
  ✅ AR$ 439.999,00
  ✅ AR$ 783.199,00
  ✅ AR$ 755.555,00
  ✅ AR$ 565.713,00
  ❌ "AR$ 1.083.332,00"
  ✅ AR$ 259.999,00
  ❌ "AR$ 1.999.998,18"
  ✅ AR$ 651.199,00
  ✅ AR$ 633.599,00
  ❌ "AR$ 1.329.199,00"
  ❌ "AR$ 1.325.165,00"
  ✅ AR$ 823.332,00
📧 Notificación enviada: Precios inválidos en categoría Home
  x  2 [chromium] › tests\smoke-precios.spec.js:124:5 › 🔥 Smoke Test — Validación de precios pipe.store › Precios correctos en: Home (6.7s)
📋 Página: Home — 15 precios encontrados
  ✅ AR$ 576.469,00
  ✅ AR$ 576.469,00
  ✅ AR$ 413.599,00
  ✅ AR$ 439.999,00
  ✅ AR$ 783.199,00
  ✅ AR$ 755.555,00
  ✅ AR$ 565.713,00
  ❌ "AR$ 1.083.332,00"
  ✅ AR$ 259.999,00
  ❌ "AR$ 1.999.998,18"
  ✅ AR$ 651.199,00
  ✅ AR$ 633.599,00
  ❌ "AR$ 1.329.199,00"
  ❌ "AR$ 1.325.165,00"
  ✅ AR$ 823.332,00
  x  3 [chromium] › tests\smoke-precios.spec.js:124:5 › 🔥 Smoke Test — Validación de precios pipe.store › Precios correctos en: Home (retry #1) (5.6s)
📋 Página: Televisores — 7 precios encontrados
  ✅ AR$ 565.713,00
  ✅ AR$ 565.713,00
  ❌ "AR$ 1.516.666,00"
  ❌ "AR$ 1.083.332,00"
  ✅ AR$ 259.999,00
  ✅ AR$ 413.599,00
  ❌ "AR$ 10.888.887,00"
📧 Notificación enviada: Precios inválidos en categoría Televisores
  x  4 [chromium] › tests\smoke-precios.spec.js:124:5 › 🔥 Smoke Test — Validación de precios pipe.store › Precios correctos en: Televisores (6.3s)
📋 Página: Televisores — 7 precios encontrados
  ✅ AR$ 565.713,00
  ✅ AR$ 565.713,00
  ❌ "AR$ 1.516.666,00"
  ❌ "AR$ 1.083.332,00"
  ✅ AR$ 259.999,00
  ✅ AR$ 413.599,00
  ❌ "AR$ 10.888.887,00"
  x  5 [chromium] › tests\smoke-precios.spec.js:124:5 › 🔥 Smoke Test — Validación de precios pipe.store › Precios correctos en: Televisores (retry #1) (5.8s)
📋 Página: Lavado — 10 precios encontrados
  ✅ AR$ 999.999,00
  ✅ AR$ 762.519,00
  ✅ AR$ 651.199,00
  ✅ AR$ 629.199,00
  ✅ AR$ 439.999,00
  ✅ AR$ 633.599,00
  ✅ AR$ 615.999,00
  ✅ AR$ 539.999,00
  ❌ "AR$ 1.999.998,18"
  ✅ AR$ 879.936,00
📧 Notificación enviada: Precios inválidos en categoría Lavado
  x  6 [chromium] › tests\smoke-precios.spec.js:124:5 › 🔥 Smoke Test — Validación de precios pipe.store › Precios correctos en: Lavado (6.5s)
📋 Página: Lavado — 10 precios encontrados
  ✅ AR$ 999.999,00
  ✅ AR$ 762.519,00
  ✅ AR$ 651.199,00
  ✅ AR$ 629.199,00
  ✅ AR$ 439.999,00
  ✅ AR$ 633.599,00
  ✅ AR$ 615.999,00
  ✅ AR$ 539.999,00
  ❌ "AR$ 1.999.998,18"
  ✅ AR$ 879.936,00
  x  7 [chromium] › tests\smoke-precios.spec.js:124:5 › 🔥 Smoke Test — Validación de precios pipe.store › Precios correctos en: Lavado (retry #1) (5.0s)
📋 Página: Heladeras — 5 precios encontrados
  ✅ AR$ 771.428,00
  ✅ AR$ 823.332,00
  ✅ AR$ 783.199,00
  ❌ "AR$ 1.329.199,00"
  ❌ "AR$ 1.325.165,00"
📧 Notificación enviada: Precios inválidos en categoría Heladeras
  x  8 [chromium] › tests\smoke-precios.spec.js:124:5 › 🔥 Smoke Test — Validación de precios pipe.store › Precios correctos en: Heladeras (6.2s)
📋 Página: Heladeras — 5 precios encontrados
  ✅ AR$ 771.428,00
  ✅ AR$ 823.332,00
  ✅ AR$ 783.199,00
  ❌ "AR$ 1.329.199,00"
  ❌ "AR$ 1.325.165,00"
  x  9 [chromium] › tests\smoke-precios.spec.js:124:5 › 🔥 Smoke Test — Validación de precios pipe.store › Precios correctos en: Heladeras (retry #1) (5.0s)
📋 Página: Aire Acondicionado — 4 precios encontrados
  ✅ AR$ 675.999,00
  ✅ AR$ 695.199,00
  ✅ AR$ 755.555,00
  ✅ AR$ 684.444,00
  ok 10 [chromium] › tests\smoke-precios.spec.js:124:5 › 🔥 Smoke Test — Validación de precios pipe.store › Precios correctos en: Aire Acondicionado (4.7s)
📦 Testeando detalle de producto: https://pipe.store/
Precios encontrados: 4 | Válidos: 3 | Inválidos: 1
❌ "AR$ 1.999.998,18" → Longitud sospechosa: 16 caracteres (máx esperado: 15)
  x  11 [chromium] › tests\smoke-precios.spec.js:205:3 › 🔥 Smoke Test — Validación de precios pipe.store › Precio correcto en página de detalle de producto (4.8s)
📦 Testeando detalle de producto: https://pipe.store/
Precios encontrados: 4 | Válidos: 3 | Inválidos: 1
❌ "AR$ 1.999.998,18" → Longitud sospechosa: 16 caracteres (máx esperado: 15)
  x  12 [chromium] › tests\smoke-precios.spec.js:205:3 › 🔥 Smoke Test — Validación de precios pipe.store › Precio correcto en página de detalle de producto (retry #1) (4.8s)
  ok 13 [chromium] › tests\smoke-precios.spec.js:259:3 › 🔥 Smoke Test — Validación de precios pipe.store › No hay precios con overflow (bug conocido de producción) (4.3s)
  1) [chromium] › tests\smoke-precios.spec.js:124:5 › 🔥 Smoke Test — Validación de precios pipe.store › Precios correctos en: Home 
    Error: Se encontraron 4 precio(s) inválido(s) en Home:
    "AR$ 1.083.332,00" → Longitud sospechosa: 16 caracteres (máx esperado: 15)
    "AR$ 1.999.998,18" → Longitud sospechosa: 16 caracteres (máx esperado: 15)
    "AR$ 1.329.199,00" → Longitud sospechosa: 16 caracteres (máx esperado: 15)
    "AR$ 1.325.165,00" → Longitud sospechosa: 16 caracteres (máx esperado: 15)
      199 |         `Se encontraron ${reporte.invalidos} precio(s) inválido(s) en ${pagina.nombre}:\n${preciosInvalidos}`
    test-results\smoke-precios-🔥-Smoke-Tes-a3471-e-Precios-correctos-en-Home-chromium\test-failed-1.png
    Error: Se encontraron 4 precio(s) inválido(s) en Home:
    "AR$ 1.083.332,00" → Longitud sospechosa: 16 caracteres (máx esperado: 15)
    "AR$ 1.999.998,18" → Longitud sospechosa: 16 caracteres (máx esperado: 15)
    "AR$ 1.329.199,00" → Longitud sospechosa: 16 caracteres (máx esperado: 15)
    "AR$ 1.325.165,00" → Longitud sospechosa: 16 caracteres (máx esperado: 15)
      199 |         `Se encontraron ${reporte.invalidos} precio(s) inválido(s) en ${pagina.nombre}:\n${preciosInvalidos}`
    test-results\smoke-precios-🔥-Smoke-Tes-a3471-e-Precios-correctos-en-Home-chromium-retry1\test-failed-1.png
  2) [chromium] › tests\smoke-precios.spec.js:124:5 › 🔥 Smoke Test — Validación de precios pipe.store › Precios correctos en: Televisores 
    Error: Se encontraron 3 precio(s) inválido(s) en Televisores:
    "AR$ 1.516.666,00" → Longitud sospechosa: 16 caracteres (máx esperado: 15)
    "AR$ 1.083.332,00" → Longitud sospechosa: 16 caracteres (máx esperado: 15)
    "AR$ 10.888.887,00" → Longitud sospechosa: 17 caracteres (máx esperado: 15)
      199 |         `Se encontraron ${reporte.invalidos} precio(s) inválido(s) en ${pagina.nombre}:\n${preciosInvalidos}`
    test-results\smoke-precios-🔥-Smoke-Tes-3d75c-os-correctos-en-Televisores-chromium\test-failed-1.png
    Error: Se encontraron 3 precio(s) inválido(s) en Televisores:
    "AR$ 1.516.666,00" → Longitud sospechosa: 16 caracteres (máx esperado: 15)
    "AR$ 1.083.332,00" → Longitud sospechosa: 16 caracteres (máx esperado: 15)
    "AR$ 10.888.887,00" → Longitud sospechosa: 17 caracteres (máx esperado: 15)
      199 |         `Se encontraron ${reporte.invalidos} precio(s) inválido(s) en ${pagina.nombre}:\n${preciosInvalidos}`
    test-results\smoke-precios-🔥-Smoke-Tes-3d75c-os-correctos-en-Televisores-chromium-retry1\test-failed-1.png
  3) [chromium] › tests\smoke-precios.spec.js:124:5 › 🔥 Smoke Test — Validación de precios pipe.store › Precios correctos en: Lavado 
    Error: Se encontraron 1 precio(s) inválido(s) en Lavado:
    "AR$ 1.999.998,18" → Longitud sospechosa: 16 caracteres (máx esperado: 15)
      199 |         `Se encontraron ${reporte.invalidos} precio(s) inválido(s) en ${pagina.nombre}:\n${preciosInvalidos}`
    test-results\smoke-precios-🔥-Smoke-Tes-50afd-Precios-correctos-en-Lavado-chromium\test-failed-1.png
    Error: Se encontraron 1 precio(s) inválido(s) en Lavado:
    "AR$ 1.999.998,18" → Longitud sospechosa: 16 caracteres (máx esperado: 15)
      199 |         `Se encontraron ${reporte.invalidos} precio(s) inválido(s) en ${pagina.nombre}:\n${preciosInvalidos}`
    test-results\smoke-precios-🔥-Smoke-Tes-50afd-Precios-correctos-en-Lavado-chromium-retry1\test-failed-1.png
  4) [chromium] › tests\smoke-precios.spec.js:124:5 › 🔥 Smoke Test — Validación de precios pipe.store › Precios correctos en: Heladeras 
    Error: Se encontraron 2 precio(s) inválido(s) en Heladeras:
    "AR$ 1.329.199,00" → Longitud sospechosa: 16 caracteres (máx esperado: 15)
    "AR$ 1.325.165,00" → Longitud sospechosa: 16 caracteres (máx esperado: 15)
      199 |         `Se encontraron ${reporte.invalidos} precio(s) inválido(s) en ${pagina.nombre}:\n${preciosInvalidos}`
    test-results\smoke-precios-🔥-Smoke-Tes-53013-cios-correctos-en-Heladeras-chromium\test-failed-1.png
    Error: Se encontraron 2 precio(s) inválido(s) en Heladeras:
    "AR$ 1.329.199,00" → Longitud sospechosa: 16 caracteres (máx esperado: 15)
    "AR$ 1.325.165,00" → Longitud sospechosa: 16 caracteres (máx esperado: 15)
      199 |         `Se encontraron ${reporte.invalidos} precio(s) inválido(s) en ${pagina.nombre}:\n${preciosInvalidos}`
    test-results\smoke-precios-🔥-Smoke-Tes-53013-cios-correctos-en-Heladeras-chromium-retry1\test-failed-1.png
  5) [chromium] › tests\smoke-precios.spec.js:205:3 › 🔥 Smoke Test — Validación de precios pipe.store › Precio correcto en página de detalle de producto 
    "AR$ 1.999.998,18" → Longitud sospechosa: 16 caracteres (máx esperado: 15)
    test-results\smoke-precios-🔥-Smoke-Tes-f9158-gina-de-detalle-de-producto-chromium\test-failed-1.png
    "AR$ 1.999.998,18" → Longitud sospechosa: 16 caracteres (máx esperado: 15)
    test-results\smoke-precios-🔥-Smoke-Tes-f9158-gina-de-detalle-de-producto-chromium-retry1\test-failed-1.png
  5 failed
    [chromium] › tests\smoke-precios.spec.js:124:5 › 🔥 Smoke Test — Validación de precios pipe.store › Precios correctos en: Home 
    [chromium] › tests\smoke-precios.spec.js:124:5 › 🔥 Smoke Test — Validación de precios pipe.store › Precios correctos en: Televisores 
    [chromium] › tests\smoke-precios.spec.js:124:5 › 🔥 Smoke Test — Validación de precios pipe.store › Precios correctos en: Lavado 
    [chromium] › tests\smoke-precios.spec.js:124:5 › 🔥 Smoke Test — Validación de precios pipe.store › Precios correctos en: Heladeras 
    [chromium] › tests\smoke-precios.spec.js:205:3 › 🔥 Smoke Test — Validación de precios pipe.store › Precio correcto en página de detalle de producto 
  3 passed (1.6m)
